0.066286022 6
0.063666796 22
0.044186704 13
0.042146252 23
0.039269293 9
0.038884344 15
0.036552896 30
0.033440371 21
0.032577746 28
0.031939793 34
0.030733847 37
0.029648542 19
0.027401489 11
0.024923782 40
0.023203195 47
0.023114503 46
0.022803053 16
0.021711551 49
0.021177319 31
0.020314728 18
0.020054103 48
0.019522076 39
0.018984898 35
0.018821563 42
0.018545576 1
0.018427058 14
0.017927789 8
0.017219450 44
0.016100607 32
0.015799168 43
0.015332409 5
0.014498928 33
0.012102502 41
0.011581938 2
0.011400449 38
0.010975002 7
0.010491047 24
0.007459706 27
0.006512173 12
0.006172755 45
0.005649606 4
0.005648074 26
0.005474581 25
0.005044615 17
0.003513384 20
0.003292804 36
0.002790511 3
0.002450000 29
0.002225000 0
0.002000000 10
